<?xml version="1.0" encoding="UTF-8"?>
<!-- Generated by org.testng.reporters.JUnitReportReporter -->
<testsuite skipped="0" hostname="LAPTOP-8UTOJL72" name="pf.com.qa.testcases.HomePageTest" tests="3" failures="0" timestamp="05 Jun 2021 03:21:09 GMT" time="25.481" errors="0">
  <testcase name="verifycorrectlogin" time="7.841" classname="pf.com.qa.testcases.HomePageTest"/>
  <testcase name="signoutbtntest" time="9.600" classname="pf.com.qa.testcases.HomePageTest"/>
  <testcase name="homepagetitle" time="8.040" classname="pf.com.qa.testcases.HomePageTest"/>
</testsuite> <!-- pf.com.qa.testcases.HomePageTest -->
