<?xml version="1.0" encoding="UTF-8"?>
<!-- Generated by org.testng.reporters.JUnitReportReporter -->
<testsuite skipped="0" hostname="LAPTOP-8UTOJL72" name="pf.com.qa.testcases.LoginPageTest" tests="17" failures="0" timestamp="05 Jun 2021 01:39:01 GMT" time="98.180" errors="0">
  <testcase name="correctEmailwronPwdTest" time="5.988" classname="pf.com.qa.testcases.LoginPageTest"/>
  <testcase name="correctEmailemptyPwdTest" time="6.306" classname="pf.com.qa.testcases.LoginPageTest"/>
  <testcase name="wronEmailemtyPwdTest" time="5.968" classname="pf.com.qa.testcases.LoginPageTest"/>
  <testcase name="reglinkTextTest" time="4.887" classname="pf.com.qa.testcases.LoginPageTest"/>
  <testcase name="loginTitleTest" time="5.338" classname="pf.com.qa.testcases.LoginPageTest"/>
  <testcase name="verifyForgotPwdTest" time="4.984" classname="pf.com.qa.testcases.LoginPageTest"/>
  <testcase name="emailboxverifytest" time="5.954" classname="pf.com.qa.testcases.LoginPageTest"/>
  <testcase name="reglinkDispalyedTest" time="4.921" classname="pf.com.qa.testcases.LoginPageTest"/>
  <testcase name="emptyEmailwronPwdTest" time="5.762" classname="pf.com.qa.testcases.LoginPageTest"/>
  <testcase name="invalidEmailwronPwdTest" time="6.455" classname="pf.com.qa.testcases.LoginPageTest"/>
  <testcase name="invalidEmailcorrectPwdTest" time="7.209" classname="pf.com.qa.testcases.LoginPageTest"/>
  <testcase name="forgotpwdLinkTest" time="5.824" classname="pf.com.qa.testcases.LoginPageTest"/>
  <testcase name="loginWithIncorrectData" time="5.901" classname="pf.com.qa.testcases.LoginPageTest"/>
  <testcase name="emptyEmailcorrectPwdTest" time="5.412" classname="pf.com.qa.testcases.LoginPageTest"/>
  <testcase name="signinbtnEnableTest" time="5.644" classname="pf.com.qa.testcases.LoginPageTest"/>
  <testcase name="pwdboxVerifyTest" time="5.884" classname="pf.com.qa.testcases.LoginPageTest"/>
  <testcase name="wronEmailcorrectPwdTest" time="5.743" classname="pf.com.qa.testcases.LoginPageTest"/>
</testsuite> <!-- pf.com.qa.testcases.LoginPageTest -->
