<?xml version="1.0" encoding="UTF-8"?>
<!-- Generated by org.testng.reporters.JUnitReportReporter -->
<testsuite skipped="0" hostname="LAPTOP-8UTOJL72" name="pf.com.qa.testcases.ForgotpwdPageTest" tests="2" failures="0" timestamp="05 Jun 2021 05:58:13 GMT" time="17.283" errors="0">
  <testcase name="emailboxverify" time="7.480" classname="pf.com.qa.testcases.ForgotpwdPageTest"/>
  <testcase name="forgotpwstextverify" time="9.803" classname="pf.com.qa.testcases.ForgotpwdPageTest"/>
</testsuite> <!-- pf.com.qa.testcases.ForgotpwdPageTest -->
