<?xml version="1.0" encoding="UTF-8"?>
<!-- Generated by org.testng.reporters.JUnitReportReporter -->
<testsuite skipped="0" hostname="LAPTOP-8UTOJL72" name="pf.com.qa.testcases.ForgotpwdPageTest" tests="2" failures="0" timestamp="05 Jun 2021 01:39:01 GMT" time="12.101" errors="0">
  <testcase name="forgotpwstextverify" time="6.433" classname="pf.com.qa.testcases.ForgotpwdPageTest"/>
  <testcase name="emailboxverify" time="5.668" classname="pf.com.qa.testcases.ForgotpwdPageTest"/>
</testsuite> <!-- pf.com.qa.testcases.ForgotpwdPageTest -->
