<?xml version="1.0" encoding="UTF-8"?>
<!-- Generated by org.testng.reporters.JUnitReportReporter -->
<testsuite skipped="0" hostname="LAPTOP-8UTOJL72" name="pf.com.qa.testcases.HomePageTest" tests="3" failures="0" timestamp="03 Jun 2021 21:01:17 GMT" time="21.382" errors="0">
  <testcase name="signoutbtntest" time="6.494" classname="pf.com.qa.testcases.HomePageTest"/>
  <testcase name="verifycorrectlogin" time="7.350" classname="pf.com.qa.testcases.HomePageTest"/>
  <testcase name="homepagetitle" time="7.538" classname="pf.com.qa.testcases.HomePageTest"/>
</testsuite> <!-- pf.com.qa.testcases.HomePageTest -->
