<?xml version="1.0" encoding="UTF-8"?>
<!-- Generated by org.testng.reporters.JUnitReportReporter -->
<testsuite skipped="0" hostname="LAPTOP-8UTOJL72" name="pf.com.qa.testcases.LoginPageTest" tests="20" failures="0" timestamp="05 Jun 2021 18:59:20 GMT" time="137.848" errors="0">
  <testcase name="wronEmailemtyPwdTest" time="9.094" classname="pf.com.qa.testcases.LoginPageTest"/>
  <testcase name="invalidEmailcorrectPwdTest" time="9.120" classname="pf.com.qa.testcases.LoginPageTest"/>
  <testcase name="emptyEmailwronPwdTest" time="6.713" classname="pf.com.qa.testcases.LoginPageTest"/>
  <testcase name="correctEmailwronPwdTest" time="7.767" classname="pf.com.qa.testcases.LoginPageTest"/>
  <testcase name="reglinkTextTest" time="4.933" classname="pf.com.qa.testcases.LoginPageTest"/>
  <testcase name="loginWithEnterbtnTest" time="6.355" classname="pf.com.qa.testcases.LoginPageTest"/>
  <testcase name="invalidEmailwronPwdTest" time="7.741" classname="pf.com.qa.testcases.LoginPageTest"/>
  <testcase name="loginSuccessfulTest" time="7.909" classname="pf.com.qa.testcases.LoginPageTest"/>
  <testcase name="emailboxverifytest" time="4.971" classname="pf.com.qa.testcases.LoginPageTest"/>
  <testcase name="wronEmailcorrectPwdTest" time="6.903" classname="pf.com.qa.testcases.LoginPageTest"/>
  <testcase name="signinbtnEnableTest" time="4.937" classname="pf.com.qa.testcases.LoginPageTest"/>
  <testcase name="verifyForgotPwdTest" time="6.443" classname="pf.com.qa.testcases.LoginPageTest"/>
  <testcase name="correctEmailemptyPwdTest" time="10.178" classname="pf.com.qa.testcases.LoginPageTest"/>
  <testcase name="emptyEmailcorrectPwdTest" time="6.387" classname="pf.com.qa.testcases.LoginPageTest"/>
  <testcase name="reglinkDispalyedTest" time="4.888" classname="pf.com.qa.testcases.LoginPageTest"/>
  <testcase name="loginWithIncorrectData" time="7.195" classname="pf.com.qa.testcases.LoginPageTest"/>
  <testcase name="loginTitleTest" time="5.605" classname="pf.com.qa.testcases.LoginPageTest"/>
  <testcase name="forgotpwdLinkTest" time="6.363" classname="pf.com.qa.testcases.LoginPageTest"/>
  <testcase name="emptyEmailemptyPwdTest" time="7.478" classname="pf.com.qa.testcases.LoginPageTest"/>
  <testcase name="pwdboxVerifyTest" time="6.868" classname="pf.com.qa.testcases.LoginPageTest"/>
</testsuite> <!-- pf.com.qa.testcases.LoginPageTest -->
