<?xml version="1.0" encoding="UTF-8"?>
<!-- Generated by org.testng.reporters.JUnitReportReporter -->
<testsuite skipped="0" hostname="LAPTOP-8UTOJL72" name="pf.com.qa.testcases.LoginPageTest" tests="17" failures="0" timestamp="05 Jun 2021 01:42:05 GMT" time="97.382" errors="0">
  <testcase name="reglinkDispalyedTest" time="5.483" classname="pf.com.qa.testcases.LoginPageTest"/>
  <testcase name="invalidEmailcorrectPwdTest" time="6.040" classname="pf.com.qa.testcases.LoginPageTest"/>
  <testcase name="verifyForgotPwdTest" time="5.486" classname="pf.com.qa.testcases.LoginPageTest"/>
  <testcase name="reglinkTextTest" time="4.898" classname="pf.com.qa.testcases.LoginPageTest"/>
  <testcase name="emailboxverifytest" time="5.239" classname="pf.com.qa.testcases.LoginPageTest"/>
  <testcase name="wronEmailemtyPwdTest" time="5.911" classname="pf.com.qa.testcases.LoginPageTest"/>
  <testcase name="correctEmailwronPwdTest" time="6.723" classname="pf.com.qa.testcases.LoginPageTest"/>
  <testcase name="emptyEmailcorrectPwdTest" time="5.826" classname="pf.com.qa.testcases.LoginPageTest"/>
  <testcase name="loginWithIncorrectData" time="5.679" classname="pf.com.qa.testcases.LoginPageTest"/>
  <testcase name="pwdboxVerifyTest" time="5.063" classname="pf.com.qa.testcases.LoginPageTest"/>
  <testcase name="correctEmailemptyPwdTest" time="6.162" classname="pf.com.qa.testcases.LoginPageTest"/>
  <testcase name="forgotpwdLinkTest" time="6.003" classname="pf.com.qa.testcases.LoginPageTest"/>
  <testcase name="wronEmailcorrectPwdTest" time="6.482" classname="pf.com.qa.testcases.LoginPageTest"/>
  <testcase name="emptyEmailwronPwdTest" time="5.896" classname="pf.com.qa.testcases.LoginPageTest"/>
  <testcase name="invalidEmailwronPwdTest" time="6.515" classname="pf.com.qa.testcases.LoginPageTest"/>
  <testcase name="loginTitleTest" time="5.097" classname="pf.com.qa.testcases.LoginPageTest"/>
  <testcase name="signinbtnEnableTest" time="4.879" classname="pf.com.qa.testcases.LoginPageTest"/>
</testsuite> <!-- pf.com.qa.testcases.LoginPageTest -->
