<?xml version="1.0" encoding="UTF-8"?>
<!-- Generated by org.testng.reporters.JUnitReportReporter -->
<testsuite skipped="0" hostname="LAPTOP-8UTOJL72" name="pf.com.qa.testcases.HomePageTest" tests="3" failures="0" timestamp="04 Jun 2021 06:16:00 GMT" time="21.424" errors="0">
  <testcase name="verifycorrectlogin" time="6.726" classname="pf.com.qa.testcases.HomePageTest"/>
  <testcase name="signoutbtntest" time="7.621" classname="pf.com.qa.testcases.HomePageTest"/>
  <testcase name="homepagetitle" time="7.077" classname="pf.com.qa.testcases.HomePageTest"/>
</testsuite> <!-- pf.com.qa.testcases.HomePageTest -->
