<?xml version="1.0" encoding="UTF-8"?>
<!-- Generated by org.testng.reporters.JUnitReportReporter -->
<testsuite skipped="0" hostname="LAPTOP-8UTOJL72" name="pf.com.qa.testcases.HomePageTest" tests="3" failures="0" timestamp="05 Jun 2021 01:42:05 GMT" time="19.941" errors="0">
  <testcase name="signoutbtntest" time="7.374" classname="pf.com.qa.testcases.HomePageTest"/>
  <testcase name="homepagetitle" time="6.008" classname="pf.com.qa.testcases.HomePageTest"/>
  <testcase name="verifycorrectlogin" time="6.559" classname="pf.com.qa.testcases.HomePageTest"/>
</testsuite> <!-- pf.com.qa.testcases.HomePageTest -->
