<?xml version="1.0" encoding="UTF-8"?>
<!-- Generated by org.testng.reporters.JUnitReportReporter -->
<testsuite skipped="0" hostname="LAPTOP-8UTOJL72" name="pf.com.qa.testcases.ForgotpwdPageTest" tests="2" failures="0" timestamp="05 Jun 2021 01:42:05 GMT" time="13.603" errors="0">
  <testcase name="emailboxverify" time="5.984" classname="pf.com.qa.testcases.ForgotpwdPageTest"/>
  <testcase name="forgotpwstextverify" time="7.619" classname="pf.com.qa.testcases.ForgotpwdPageTest"/>
</testsuite> <!-- pf.com.qa.testcases.ForgotpwdPageTest -->
